<?xml version="1.0" encoding="UTF-8"?>
<!-- Generated by org.testng.reporters.JUnitXMLReporter -->
<testsuite hostname="DESKTOP-TACGRCR" ignored="0" name="validating title in the page" tests="1" failures="0" timestamp="2020-07-04T10:21:42 IST" time="8.67" errors="0">
  <testcase name="@BeforeTest initialization" time="8.659" classname="Academy.E2EProject.validateTitle">
    <failure type="org.openqa.selenium.SessionNotCreatedException" message="session not created: This version of ChromeDriver only supports Chrome version 80
Build info: version: &amp;apos;3.141.59&amp;apos;, revision: &amp;apos;e82be7d358&amp;apos;, time: &amp;apos;2018-11-14T08:17:03&amp;apos;
System info: host: &amp;apos;DESKTOP-TACGRCR&amp;apos;, ip: &amp;apos;192.168.1.106&amp;apos;, os.name: &amp;apos;Windows 10&amp;apos;, os.arch: &amp;apos;amd64&amp;apos;, os.version: &amp;apos;10.0&amp;apos;, java.version: &amp;apos;1.8.0_241&amp;apos;
Driver info: driver.version: ChromeDriver
remote stacktrace: Backtrace:
	Ordinal0 [0x005C0C83+1707139]
	Ordinal0 [0x005268F1+1075441]
	Ordinal0 [0x0049DFC9+516041]
	Ordinal0 [0x00430554+66900]
	Ordinal0 [0x0042CCE2+52450]
	Ordinal0 [0x0044BFD7+180183]
	Ordinal0 [0x0044BDDD+179677]
	Ordinal0 [0x00449D4B+171339]
	Ordinal0 [0x00431D4A+73034]
	Ordinal0 [0x00432DC0+77248]
	Ordinal0 [0x00432D59+77145]
	Ordinal0 [0x0053BB67+1162087]
	GetHandleVerifier [0x0065A966+508998]
	GetHandleVerifier [0x0065A6A4+508292]
	GetHandleVerifier [0x0066F7B7+594583]
	GetHandleVerifier [0x0065B1D6+511158]
	Ordinal0 [0x0053402C+1130540]
	Ordinal0 [0x0053D4CB+1168587]
	Ordinal0 [0x0053D633+1168947]
	Ordinal0 [0x00555B35+1268533]
	BaseThreadInitThunk [0x77516359+25]
	RtlGetAppContainerNamedObjectPath [0x77997C24+228]
	RtlGetAppContainerNamedObjectPath [0x77997BF4+180]
">
      <![CDATA[org.openqa.selenium.SessionNotCreatedException: session not created: This version of ChromeDriver only supports Chrome version 80
Build info: version: '3.141.59', revision: 'e82be7d358', time: '2018-11-14T08:17:03'
System info: host: 'DESKTOP-TACGRCR', ip: '192.168.1.106', os.name: 'Windows 10', os.arch: 'amd64', os.version: '10.0', java.version: '1.8.0_241'
Driver info: driver.version: ChromeDriver
remote stacktrace: Backtrace:
Ordinal0 [0x005C0C83+1707139]
Ordinal0 [0x005268F1+1075441]
Ordinal0 [0x0049DFC9+516041]
Ordinal0 [0x00430554+66900]
Ordinal0 [0x0042CCE2+52450]
Ordinal0 [0x0044BFD7+180183]
Ordinal0 [0x0044BDDD+179677]
Ordinal0 [0x00449D4B+171339]
Ordinal0 [0x00431D4A+73034]
Ordinal0 [0x00432DC0+77248]
Ordinal0 [0x00432D59+77145]
Ordinal0 [0x0053BB67+1162087]
GetHandleVerifier [0x0065A966+508998]
GetHandleVerifier [0x0065A6A4+508292]
GetHandleVerifier [0x0066F7B7+594583]
GetHandleVerifier [0x0065B1D6+511158]
Ordinal0 [0x0053402C+1130540]
Ordinal0 [0x0053D4CB+1168587]
Ordinal0 [0x0053D633+1168947]
Ordinal0 [0x00555B35+1268533]
BaseThreadInitThunk [0x77516359+25]
RtlGetAppContainerNamedObjectPath [0x77997C24+228]
RtlGetAppContainerNamedObjectPath [0x77997BF4+180]

at org.openqa.selenium.remote.W3CHandshakeResponse.lambda$errorHandler$0(W3CHandshakeResponse.java:62)
at org.openqa.selenium.remote.HandshakeResponse.lambda$getResponseFunction$0(HandshakeResponse.java:30)
at org.openqa.selenium.remote.ProtocolHandshake.lambda$createSession$0(ProtocolHandshake.java:126)
at java.util.stream.ReferencePipeline$3$1.accept(Unknown Source)
at java.util.Spliterators$ArraySpliterator.tryAdvance(Unknown Source)
at java.util.stream.ReferencePipeline.forEachWithCancel(Unknown Source)
at java.util.stream.AbstractPipeline.copyIntoWithCancel(Unknown Source)
at java.util.stream.AbstractPipeline.copyInto(Unknown Source)
at java.util.stream.AbstractPipeline.wrapAndCopyInto(Unknown Source)
at java.util.stream.FindOps$FindOp.evaluateSequential(Unknown Source)
at java.util.stream.AbstractPipeline.evaluate(Unknown Source)
at java.util.stream.ReferencePipeline.findFirst(Unknown Source)
at org.openqa.selenium.remote.ProtocolHandshake.createSession(ProtocolHandshake.java:128)
at org.openqa.selenium.remote.ProtocolHandshake.createSession(ProtocolHandshake.java:74)
at org.openqa.selenium.remote.HttpCommandExecutor.execute(HttpCommandExecutor.java:136)
at org.openqa.selenium.remote.service.DriverCommandExecutor.execute(DriverCommandExecutor.java:83)
at org.openqa.selenium.remote.RemoteWebDriver.execute(RemoteWebDriver.java:552)
at org.openqa.selenium.remote.RemoteWebDriver.startSession(RemoteWebDriver.java:213)
at org.openqa.selenium.remote.RemoteWebDriver.<init>(RemoteWebDriver.java:131)
at org.openqa.selenium.chrome.ChromeDriver.<init>(ChromeDriver.java:181)
at org.openqa.selenium.chrome.ChromeDriver.<init>(ChromeDriver.java:168)
at org.openqa.selenium.chrome.ChromeDriver.<init>(ChromeDriver.java:157)
at resources.base.initializeDriver(base.java:37)
at Academy.E2EProject.validateTitle.initialization(validateTitle.java:27)
at java.util.concurrent.FutureTask.run(Unknown Source)
at java.util.concurrent.ThreadPoolExecutor.runWorker(Unknown Source)
at java.util.concurrent.ThreadPoolExecutor$Worker.run(Unknown Source)
at java.lang.Thread.run(Unknown Source)
... Removed 19 stack frames]]>
    </failure>
  </testcase> <!-- @BeforeTest initialization -->
  <testcase name="@AfterTest tearDown" time="-1.593838302599E9" classname="Academy.E2EProject.validateTitle">
    <skipped/>
  </testcase> <!-- @AfterTest tearDown -->
  <testcase name="basePageNavigation" time="0.0" classname="Academy.E2EProject.validateTitle">
    <skipped/>
  </testcase> <!-- basePageNavigation -->
</testsuite> <!-- validating title in the page -->
